<?xml version="1.0" encoding="UTF-8"?>
<testng-results skipped="0" failed="0" ignored="0" total="1" passed="1">
  <reporter-output>
    <line>
      <![CDATA[Before navigating to: 'https://www.thetripworks.com/holidays']]>
    </line>
    <line>
      <![CDATA[Navigated to:'https://www.thetripworks.com/holidays']]>
    </line>
    <line>
      <![CDATA[Found Element By : By.xpath: //i[@class='fa fa-bars floatLeft menuIcon']]]>
    </line>
    <line>
      <![CDATA[Trying to click on: [[ChromeDriver: chrome on XP (bfe67850ba01ea29cefa53ef81e25852)] -> xpath: //i[@class='fa fa-bars floatLeft menuIcon']]]]>
    </line>
    <line>
      <![CDATA[Clicked on: [[ChromeDriver: chrome on XP (bfe67850ba01ea29cefa53ef81e25852)] -> xpath: //i[@class='fa fa-bars floatLeft menuIcon']]]]>
    </line>
    <line>
      <![CDATA[Found Element By : By.xpath: //a[contains(text(),'About Us')]]]>
    </line>
    <line>
      <![CDATA[Trying to click on: [[ChromeDriver: chrome on XP (bfe67850ba01ea29cefa53ef81e25852)] -> xpath: //a[contains(text(),'About Us')]]]]>
    </line>
    <line>
      <![CDATA[Clicked on: [[ChromeDriver: chrome on XP (bfe67850ba01ea29cefa53ef81e25852)] -> xpath: //a[contains(text(),'About Us')]]]]>
    </line>
    <line>
      <![CDATA[Found Element By : By.xpath: //h1[contains(text(),'About TheTripWorks')]]]>
    </line>
    <line>
      <![CDATA[Found Element By : By.xpath: //span[@class='aboutNavText'][contains(text(),'How does TheTripWorks')]]]>
    </line>
    <line>
      <![CDATA[Trying to click on: [[ChromeDriver: chrome on XP (bfe67850ba01ea29cefa53ef81e25852)] -> xpath: //span[@class='aboutNavText'][contains(text(),'How does TheTripWorks')]]]]>
    </line>
    <line>
      <![CDATA[Clicked on: [[ChromeDriver: chrome on XP (bfe67850ba01ea29cefa53ef81e25852)] -> xpath: //span[@class='aboutNavText'][contains(text(),'How does TheTripWorks')]]]]>
    </line>
    <line>
      <![CDATA[Found Element By : By.xpath: //span[@class='aboutNavText'][contains(text(),'Contact')]]]>
    </line>
    <line>
      <![CDATA[Trying to click on: [[ChromeDriver: chrome on XP (bfe67850ba01ea29cefa53ef81e25852)] -> xpath: //span[@class='aboutNavText'][contains(text(),'Contact')]]]]>
    </line>
    <line>
      <![CDATA[Clicked on: [[ChromeDriver: chrome on XP (bfe67850ba01ea29cefa53ef81e25852)] -> xpath: //span[@class='aboutNavText'][contains(text(),'Contact')]]]]>
    </line>
    <line>
      <![CDATA[Found Element By : By.xpath: //span[contains(text(),'Pune')]]]>
    </line>
  </reporter-output>
  <suite name="Default suite" duration-ms="83931" started-at="2017-06-06T07:12:48Z" finished-at="2017-06-06T07:14:12Z">
    <groups>
    </groups>
    <test name="Default test" duration-ms="83931" started-at="2017-06-06T07:12:48Z" finished-at="2017-06-06T07:14:12Z">
      <class name="com.test.automation.uiAutomation.aboutus.TC001_aboutus">
        <test-method status="PASS" signature="setup()[pri:0, instance:com.test.automation.uiAutomation.aboutus.TC001_aboutus@77e4c80f]" name="setup" is-config="true" duration-ms="53265" started-at="2017-06-06T12:42:48Z" finished-at="2017-06-06T12:43:41Z">
          <reporter-output>
            <line>
              <![CDATA[Before navigating to: 'https://www.thetripworks.com/holidays']]>
            </line>
            <line>
              <![CDATA[Navigated to:'https://www.thetripworks.com/holidays']]>
            </line>
          </reporter-output>
        </test-method> <!-- setup -->
        <test-method status="PASS" signature="beforemethod(java.lang.reflect.Method)[pri:0, instance:com.test.automation.uiAutomation.aboutus.TC001_aboutus@77e4c80f]" name="beforemethod" is-config="true" duration-ms="13" started-at="2017-06-06T12:43:41Z" finished-at="2017-06-06T12:43:41Z">
          <params>
            <param index="0">
              <value>
                <![CDATA[public void com.test.automation.uiAutomation.aboutus.TC001_aboutus.verify_aboutus() throws java.lang.InterruptedException]]>
              </value>
            </param>
          </params>
          <reporter-output>
          </reporter-output>
        </test-method> <!-- beforemethod -->
        <test-method status="PASS" signature="verify_aboutus()[pri:0, instance:com.test.automation.uiAutomation.aboutus.TC001_aboutus@77e4c80f]" name="verify_aboutus" duration-ms="27377" started-at="2017-06-06T12:43:41Z" finished-at="2017-06-06T12:44:09Z">
          <reporter-output>
            <line>
              <![CDATA[Found Element By : By.xpath: //i[@class='fa fa-bars floatLeft menuIcon']]]>
            </line>
            <line>
              <![CDATA[Trying to click on: [[ChromeDriver: chrome on XP (bfe67850ba01ea29cefa53ef81e25852)] -> xpath: //i[@class='fa fa-bars floatLeft menuIcon']]]]>
            </line>
            <line>
              <![CDATA[Clicked on: [[ChromeDriver: chrome on XP (bfe67850ba01ea29cefa53ef81e25852)] -> xpath: //i[@class='fa fa-bars floatLeft menuIcon']]]]>
            </line>
            <line>
              <![CDATA[Found Element By : By.xpath: //a[contains(text(),'About Us')]]]>
            </line>
            <line>
              <![CDATA[Trying to click on: [[ChromeDriver: chrome on XP (bfe67850ba01ea29cefa53ef81e25852)] -> xpath: //a[contains(text(),'About Us')]]]]>
            </line>
            <line>
              <![CDATA[Clicked on: [[ChromeDriver: chrome on XP (bfe67850ba01ea29cefa53ef81e25852)] -> xpath: //a[contains(text(),'About Us')]]]]>
            </line>
            <line>
              <![CDATA[Found Element By : By.xpath: //h1[contains(text(),'About TheTripWorks')]]]>
            </line>
            <line>
              <![CDATA[Found Element By : By.xpath: //span[@class='aboutNavText'][contains(text(),'How does TheTripWorks')]]]>
            </line>
            <line>
              <![CDATA[Trying to click on: [[ChromeDriver: chrome on XP (bfe67850ba01ea29cefa53ef81e25852)] -> xpath: //span[@class='aboutNavText'][contains(text(),'How does TheTripWorks')]]]]>
            </line>
            <line>
              <![CDATA[Clicked on: [[ChromeDriver: chrome on XP (bfe67850ba01ea29cefa53ef81e25852)] -> xpath: //span[@class='aboutNavText'][contains(text(),'How does TheTripWorks')]]]]>
            </line>
            <line>
              <![CDATA[Found Element By : By.xpath: //span[@class='aboutNavText'][contains(text(),'Contact')]]]>
            </line>
            <line>
              <![CDATA[Trying to click on: [[ChromeDriver: chrome on XP (bfe67850ba01ea29cefa53ef81e25852)] -> xpath: //span[@class='aboutNavText'][contains(text(),'Contact')]]]]>
            </line>
            <line>
              <![CDATA[Clicked on: [[ChromeDriver: chrome on XP (bfe67850ba01ea29cefa53ef81e25852)] -> xpath: //span[@class='aboutNavText'][contains(text(),'Contact')]]]]>
            </line>
            <line>
              <![CDATA[Found Element By : By.xpath: //span[contains(text(),'Pune')]]]>
            </line>
          </reporter-output>
        </test-method> <!-- verify_aboutus -->
        <test-method status="PASS" signature="aftermethod(org.testng.ITestResult)[pri:0, instance:com.test.automation.uiAutomation.aboutus.TC001_aboutus@77e4c80f]" name="aftermethod" is-config="true" duration-ms="1" started-at="2017-06-06T12:44:09Z" finished-at="2017-06-06T12:44:09Z">
          <params>
            <param index="0">
              <value>
                <![CDATA[[TestResult name=verify_aboutus status=SUCCESS method=TC001_aboutus.verify_aboutus()[pri:0, instance:com.test.automation.uiAutomation.aboutus.TC001_aboutus@77e4c80f] output=Found Element By : By.xpath: //i[@class='fa fa-bars floatLeft menuIcon']]]]>
              </value>
            </param>
          </params>
          <reporter-output>
          </reporter-output>
        </test-method> <!-- aftermethod -->
        <test-method status="PASS" signature="endtest()[pri:0, instance:com.test.automation.uiAutomation.aboutus.TC001_aboutus@77e4c80f]" name="endtest" is-config="true" duration-ms="3198" started-at="2017-06-06T12:44:09Z" finished-at="2017-06-06T12:44:12Z">
          <reporter-output>
          </reporter-output>
        </test-method> <!-- endtest -->
      </class> <!-- com.test.automation.uiAutomation.aboutus.TC001_aboutus -->
    </test> <!-- Default test -->
  </suite> <!-- Default suite -->
</testng-results>
