<?xml version="1.0" encoding="UTF-8"?>
<!-- Generated by org.testng.reporters.JUnitXMLReporter -->
<testsuite hostname="Vignesh-PC" ignored="0" name="test" tests="3" failures="0" timestamp="31 May 2017 08:09:19 GMT" time="85.754" errors="0">
  <testcase name="logintest_invalid" time="16.853" classname="com.test.automation.uiAutomation.homepage.TC001_verifylogin_withinvalidcredentials"/>
  <testcase name="logintest_invalid" time="15.645" classname="com.test.automation.uiAutomation.homepage.TC001_verifylogin_withinvalidcredentials"/>
  <testcase name="logintest_invalid" time="15.574" classname="com.test.automation.uiAutomation.homepage.TC001_verifylogin_withinvalidcredentials"/>
</testsuite> <!-- test -->
